<?xml version="1.0" encoding="UTF-8"?>
<!-- Generated by org.testng.reporters.JUnitXMLReporter -->
<testsuite hostname="Jenils-MacBook-Pro.local" ignored="0" name="Test" tests="3" failures="0" timestamp="14 Apr 2020 19:55:19 GMT" time="3.565" errors="0">
  <testcase name="addPlace" time="2.706" classname="com.google.googlePlaceApi.testSuites.TestSuite1"/>
  <testcase name="getPlaceNegative" time="0.228" classname="com.google.googlePlaceApi.testSuites.TestSuite1"/>
  <testcase name="getPlacePositive" time="0.188" classname="com.google.googlePlaceApi.testSuites.TestSuite1"/>
</testsuite> <!-- Test -->
