<?xml version="1.0" encoding="UTF-8"?>
<testng-results skipped="0" failed="0" ignored="0" total="1" passed="1">
  <reporter-output>
  </reporter-output>
  <suite name="Suite" duration-ms="3705" started-at="2020-04-13T19:57:30Z" finished-at="2020-04-13T19:57:33Z">
    <groups>
    </groups>
    <test name="Test" duration-ms="3705" started-at="2020-04-13T19:57:30Z" finished-at="2020-04-13T19:57:33Z">
      <class name="com.google.googlePlaceApi.testSuites.TestSuite1">
        <test-method status="PASS" signature="init()[pri:0, instance:com.google.googlePlaceApi.testSuites.TestSuite1@39c0f4a]" name="init" is-config="true" duration-ms="13" started-at="2020-04-13T19:57:30Z" finished-at="2020-04-13T19:57:30Z">
          <reporter-output>
          </reporter-output>
        </test-method> <!-- init -->
        <test-method status="PASS" signature="beforeTest()[pri:0, instance:com.google.googlePlaceApi.testSuites.TestSuite1@39c0f4a]" name="beforeTest" is-config="true" duration-ms="516" started-at="2020-04-13T19:57:30Z" finished-at="2020-04-13T19:57:30Z">
          <reporter-output>
          </reporter-output>
        </test-method> <!-- beforeTest -->
        <test-method status="PASS" signature="addPlace()[pri:0, instance:com.google.googlePlaceApi.testSuites.TestSuite1@39c0f4a]" name="addPlace" duration-ms="3169" started-at="2020-04-13T19:57:30Z" finished-at="2020-04-13T19:57:33Z">
          <reporter-output>
          </reporter-output>
        </test-method> <!-- addPlace -->
      </class> <!-- com.google.googlePlaceApi.testSuites.TestSuite1 -->
    </test> <!-- Test -->
  </suite> <!-- Suite -->
</testng-results>
