<?xml version="1.0" encoding="UTF-8"?>
<testng-results skipped="0" failed="0" ignored="0" total="1" passed="1">
  <reporter-output>
  </reporter-output>
  <suite name="Suite" duration-ms="3196" started-at="2020-04-17T09:08:04Z" finished-at="2020-04-17T09:08:07Z">
    <groups>
    </groups>
    <test name="Test" duration-ms="3196" started-at="2020-04-17T09:08:04Z" finished-at="2020-04-17T09:08:07Z">
      <class name="com.atlassian.jiraApi.testSuite.TestSuite1">
        <test-method status="PASS" signature="init()[pri:0, instance:com.atlassian.jiraApi.testSuite.TestSuite1@77cd7a0]" name="init" is-config="true" duration-ms="14" started-at="2020-04-17T09:08:04Z" finished-at="2020-04-17T09:08:04Z">
          <reporter-output>
          </reporter-output>
        </test-method> <!-- init -->
        <test-method status="PASS" signature="loginToJira()[pri:0, instance:com.atlassian.jiraApi.testSuite.TestSuite1@77cd7a0]" name="loginToJira" is-config="true" duration-ms="3154" started-at="2020-04-17T09:08:04Z" finished-at="2020-04-17T09:08:07Z">
          <reporter-output>
          </reporter-output>
        </test-method> <!-- loginToJira -->
        <test-method status="PASS" signature="createIssue()[pri:0, instance:com.atlassian.jiraApi.testSuite.TestSuite1@77cd7a0]" name="createIssue" duration-ms="7" started-at="2020-04-17T09:08:07Z" finished-at="2020-04-17T09:08:07Z">
          <reporter-output>
          </reporter-output>
        </test-method> <!-- createIssue -->
      </class> <!-- com.atlassian.jiraApi.testSuite.TestSuite1 -->
    </test> <!-- Test -->
  </suite> <!-- Suite -->
</testng-results>
